[debug] [2022-09-05T10:57:31.038Z] ----------------------------------------------------------------------
[debug] [2022-09-05T10:57:31.040Z] Command:       C:\Program Files\nodejs\node.exe C:\Users\joo21\AppData\Roaming\npm\node_modules\firebase-tools\lib\bin\firebase.js init
[debug] [2022-09-05T10:57:31.040Z] CLI Version:   11.8.0
[debug] [2022-09-05T10:57:31.040Z] Platform:      win32
[debug] [2022-09-05T10:57:31.040Z] Node Version:  v16.16.0
[debug] [2022-09-05T10:57:31.041Z] Time:          Mon Sep 05 2022 13:57:31 GMT+0300 (East Africa Time)
[debug] [2022-09-05T10:57:31.041Z] ----------------------------------------------------------------------
[debug] 
[debug] [2022-09-05T10:57:31.044Z] >>> [apiv2][query] GET https://firebase-public.firebaseio.com/cli.json [none]
[debug] [2022-09-05T10:57:31.117Z] > command requires scopes: ["email","openid","https://www.googleapis.com/auth/cloudplatformprojects.readonly","https://www.googleapis.com/auth/firebase","https://www.googleapis.com/auth/cloud-platform"]
[debug] [2022-09-05T10:57:31.118Z] > authorizing via signed-in user (yohannesgezahugne59@gmail.com)
[info] 
     ######## #### ########  ######## ########     ###     ######  ########
     ##        ##  ##     ## ##       ##     ##  ##   ##  ##       ##
     ######    ##  ########  ######   ########  #########  ######  ######
     ##        ##  ##    ##  ##       ##     ## ##     ##       ## ##
     ##       #### ##     ## ######## ########  ##     ##  ######  ########

You're about to initialize a Firebase project in this directory:

  C:\Users\joo21\Desktop\netflix-project\netflix-clone

Before we get started, keep in mind:

  * You are initializing within an existing Firebase project directory

[debug] [2022-09-05T10:57:31.946Z] <<< [apiv2][status] GET https://firebase-public.firebaseio.com/cli.json 200
[debug] [2022-09-05T10:57:31.947Z] <<< [apiv2][body] GET https://firebase-public.firebaseio.com/cli.json {"cloudBuildErrorAfter":1594252800000,"cloudBuildWarnAfter":1590019200000,"defaultNode10After":1594252800000,"minVersion":"3.0.5","node8DeploysDisabledAfter":1613390400000,"node8RuntimeDisabledAfter":1615809600000,"node8WarnAfter":1600128000000}
[info] 
=== Project Setup
[info] 
[info] First, let's associate this project directory with a Firebase project.
[info] You can create multiple project aliases by running firebase use --add, 
[info] but for now we'll just set up a default project.
[info] 
[debug] [2022-09-05T10:58:08.104Z] Using project from CLI flag: netflix-clone-627df
[debug] [2022-09-05T10:58:08.106Z] > refreshing access token with scopes: []
[debug] [2022-09-05T10:58:08.109Z] >>> [apiv2][query] POST https://www.googleapis.com/oauth2/v3/token [none]
[debug] [2022-09-05T10:58:08.109Z] >>> [apiv2][body] POST https://www.googleapis.com/oauth2/v3/token [omitted]
[debug] [2022-09-05T10:58:08.584Z] <<< [apiv2][status] POST https://www.googleapis.com/oauth2/v3/token 200
[debug] [2022-09-05T10:58:08.584Z] <<< [apiv2][body] POST https://www.googleapis.com/oauth2/v3/token [omitted]
[debug] [2022-09-05T10:58:08.663Z] >>> [apiv2][query] GET https://firebase.googleapis.com/v1beta1/projects/netflix-clone-627df [none]
[debug] [2022-09-05T10:58:09.697Z] <<< [apiv2][status] GET https://firebase.googleapis.com/v1beta1/projects/netflix-clone-627df 200
[debug] [2022-09-05T10:58:09.697Z] <<< [apiv2][body] GET https://firebase.googleapis.com/v1beta1/projects/netflix-clone-627df {"projectId":"netflix-clone-627df","projectNumber":"1084788270322","displayName":"netflix-clone","name":"projects/netflix-clone-627df","resources":{"hostingSite":"netflix-clone-627df"},"state":"ACTIVE","etag":"1_c23cee63-5596-423f-9315-f7bec2bfcbac"}
[info] i  Using project netflix-clone-627df (netflix-clone) 
[info] 
=== Hosting Setup
[info] 
[info] Your public directory is the folder (relative to your project directory) that
[info] will contain Hosting assets to be uploaded with firebase deploy. If you
[info] have a build process for your assets, use your build's output directory.
[info] 
